{"/Users/Tess/alchemy/career-track/week-02/express-lab/lib/app.js": {"path":"/Users/Tess/alchemy/career-track/week-02/express-lab/lib/app.js","statementMap":{"0":{"start":{"line":1,"column":16},"end":{"line":1,"column":34}},"1":{"start":{"line":2,"column":12},"end":{"line":2,"column":21}},"2":{"start":{"line":3,"column":15},"end":{"line":3,"column":41}},"3":{"start":{"line":5,"column":0},"end":{"line":5,"column":24}},"4":{"start":{"line":7,"column":0},"end":{"line":11,"column":3}},"5":{"start":{"line":8,"column":2},"end":{"line":10,"column":38}},"6":{"start":{"line":10,"column":20},"end":{"line":10,"column":36}},"7":{"start":{"line":13,"column":0},"end":{"line":18,"column":3}},"8":{"start":{"line":14,"column":2},"end":{"line":17,"column":40}},"9":{"start":{"line":17,"column":21},"end":{"line":17,"column":38}},"10":{"start":{"line":20,"column":0},"end":{"line":24,"column":3}},"11":{"start":{"line":21,"column":2},"end":{"line":23,"column":38}},"12":{"start":{"line":23,"column":20},"end":{"line":23,"column":36}},"13":{"start":{"line":26,"column":0},"end":{"line":30,"column":3}},"14":{"start":{"line":27,"column":2},"end":{"line":29,"column":38}},"15":{"start":{"line":29,"column":20},"end":{"line":29,"column":36}},"16":{"start":{"line":32,"column":0},"end":{"line":36,"column":3}},"17":{"start":{"line":33,"column":2},"end":{"line":35,"column":38}},"18":{"start":{"line":35,"column":20},"end":{"line":35,"column":36}},"19":{"start":{"line":38,"column":0},"end":{"line":38,"column":21}}},"fnMap":{"0":{"name":"(anonymous_0)","decl":{"start":{"line":7,"column":28},"end":{"line":7,"column":29}},"loc":{"start":{"line":7,"column":42},"end":{"line":11,"column":1}},"line":7},"1":{"name":"(anonymous_1)","decl":{"start":{"line":10,"column":10},"end":{"line":10,"column":11}},"loc":{"start":{"line":10,"column":20},"end":{"line":10,"column":36}},"line":10},"2":{"name":"(anonymous_2)","decl":{"start":{"line":13,"column":27},"end":{"line":13,"column":28}},"loc":{"start":{"line":13,"column":41},"end":{"line":18,"column":1}},"line":13},"3":{"name":"(anonymous_3)","decl":{"start":{"line":17,"column":10},"end":{"line":17,"column":11}},"loc":{"start":{"line":17,"column":21},"end":{"line":17,"column":38}},"line":17},"4":{"name":"(anonymous_4)","decl":{"start":{"line":20,"column":31},"end":{"line":20,"column":32}},"loc":{"start":{"line":20,"column":45},"end":{"line":24,"column":1}},"line":20},"5":{"name":"(anonymous_5)","decl":{"start":{"line":23,"column":10},"end":{"line":23,"column":11}},"loc":{"start":{"line":23,"column":20},"end":{"line":23,"column":36}},"line":23},"6":{"name":"(anonymous_6)","decl":{"start":{"line":26,"column":33},"end":{"line":26,"column":34}},"loc":{"start":{"line":26,"column":47},"end":{"line":30,"column":1}},"line":26},"7":{"name":"(anonymous_7)","decl":{"start":{"line":29,"column":10},"end":{"line":29,"column":11}},"loc":{"start":{"line":29,"column":20},"end":{"line":29,"column":36}},"line":29},"8":{"name":"(anonymous_8)","decl":{"start":{"line":32,"column":34},"end":{"line":32,"column":35}},"loc":{"start":{"line":32,"column":48},"end":{"line":36,"column":1}},"line":32},"9":{"name":"(anonymous_9)","decl":{"start":{"line":35,"column":10},"end":{"line":35,"column":11}},"loc":{"start":{"line":35,"column":20},"end":{"line":35,"column":36}},"line":35}},"branchMap":{},"s":{"0":1,"1":1,"2":1,"3":1,"4":1,"5":1,"6":1,"7":1,"8":1,"9":1,"10":1,"11":1,"12":1,"13":1,"14":1,"15":1,"16":1,"17":1,"18":1,"19":1},"f":{"0":1,"1":1,"2":1,"3":1,"4":1,"5":1,"6":1,"7":1,"8":1,"9":1},"b":{},"_coverageSchema":"43e27e138ebf9cfc5966b082cf9a028302ed4184","hash":"d5d531942198e45b9bd83ef1f7483e5e98403941"}
,"/Users/Tess/alchemy/career-track/week-02/express-lab/lib/models/Recipe.js": {"path":"/Users/Tess/alchemy/career-track/week-02/express-lab/lib/models/Recipe.js","statementMap":{"0":{"start":{"line":1,"column":17},"end":{"line":1,"column":36}},"1":{"start":{"line":3,"column":26},"end":{"line":17,"column":2}},"2":{"start":{"line":19,"column":15},"end":{"line":26,"column":2}},"3":{"start":{"line":28,"column":0},"end":{"line":28,"column":50}}},"fnMap":{},"branchMap":{},"s":{"0":2,"1":2,"2":2,"3":2},"f":{},"b":{},"_coverageSchema":"43e27e138ebf9cfc5966b082cf9a028302ed4184","hash":"f065c0cc9835312c930f464b84afd071b95e63b6"}
,"/Users/Tess/alchemy/career-track/week-02/express-lab/lib/utils/connect.js": {"path":"/Users/Tess/alchemy/career-track/week-02/express-lab/lib/utils/connect.js","statementMap":{"0":{"start":{"line":1,"column":17},"end":{"line":1,"column":36}},"1":{"start":{"line":2,"column":18},"end":{"line":2,"column":32}},"2":{"start":{"line":4,"column":0},"end":{"line":28,"column":2}},"3":{"start":{"line":5,"column":2},"end":{"line":10,"column":5}},"4":{"start":{"line":12,"column":2},"end":{"line":17,"column":5}},"5":{"start":{"line":13,"column":22},"end":{"line":13,"column":32}},"6":{"start":{"line":14,"column":24},"end":{"line":14,"column":109}},"7":{"start":{"line":16,"column":4},"end":{"line":16,"column":58}},"8":{"start":{"line":19,"column":2},"end":{"line":22,"column":5}},"9":{"start":{"line":21,"column":4},"end":{"line":21,"column":45}},"10":{"start":{"line":24,"column":2},"end":{"line":27,"column":5}},"11":{"start":{"line":26,"column":4},"end":{"line":26,"column":47}}},"fnMap":{"0":{"name":"(anonymous_0)","decl":{"start":{"line":4,"column":17},"end":{"line":4,"column":18}},"loc":{"start":{"line":4,"column":52},"end":{"line":28,"column":1}},"line":4},"1":{"name":"(anonymous_1)","decl":{"start":{"line":12,"column":38},"end":{"line":12,"column":39}},"loc":{"start":{"line":12,"column":44},"end":{"line":17,"column":3}},"line":12},"2":{"name":"(anonymous_2)","decl":{"start":{"line":19,"column":41},"end":{"line":19,"column":42}},"loc":{"start":{"line":19,"column":47},"end":{"line":22,"column":3}},"line":19},"3":{"name":"(anonymous_3)","decl":{"start":{"line":24,"column":34},"end":{"line":24,"column":35}},"loc":{"start":{"line":24,"column":40},"end":{"line":27,"column":3}},"line":24}},"branchMap":{"0":{"loc":{"start":{"line":4,"column":18},"end":{"line":4,"column":47}},"type":"default-arg","locations":[{"start":{"line":4,"column":24},"end":{"line":4,"column":47}}],"line":4}},"s":{"0":1,"1":1,"2":1,"3":1,"4":1,"5":1,"6":1,"7":1,"8":1,"9":1,"10":1,"11":0},"f":{"0":1,"1":1,"2":1,"3":0},"b":{"0":[1]},"_coverageSchema":"43e27e138ebf9cfc5966b082cf9a028302ed4184","hash":"fd8781f8e668ab07f5a44dc8eae8afd610200357"}
}
