TN:
SF:/Users/Tess/alchemy/career-track/week-02/express-lab/lib/app.js
FN:7,(anonymous_0)
FN:10,(anonymous_1)
FN:13,(anonymous_2)
FN:17,(anonymous_3)
FN:20,(anonymous_4)
FN:23,(anonymous_5)
FN:26,(anonymous_6)
FN:29,(anonymous_7)
FN:32,(anonymous_8)
FN:35,(anonymous_9)
FNF:10
FNH:10
FNDA:1,(anonymous_0)
FNDA:1,(anonymous_1)
FNDA:1,(anonymous_2)
FNDA:1,(anonymous_3)
FNDA:1,(anonymous_4)
FNDA:1,(anonymous_5)
FNDA:1,(anonymous_6)
FNDA:1,(anonymous_7)
FNDA:1,(anonymous_8)
FNDA:1,(anonymous_9)
DA:1,1
DA:2,1
DA:3,1
DA:5,1
DA:7,1
DA:8,1
DA:10,1
DA:13,1
DA:14,1
DA:17,1
DA:20,1
DA:21,1
DA:23,1
DA:26,1
DA:27,1
DA:29,1
DA:32,1
DA:33,1
DA:35,1
DA:38,1
LF:20
LH:20
BRF:0
BRH:0
end_of_record
TN:
SF:/Users/Tess/alchemy/career-track/week-02/express-lab/lib/models/Recipe.js
FNF:0
FNH:0
DA:1,2
DA:3,2
DA:19,2
DA:28,2
LF:4
LH:4
BRF:0
BRH:0
end_of_record
TN:
SF:/Users/Tess/alchemy/career-track/week-02/express-lab/lib/utils/connect.js
FN:4,(anonymous_0)
FN:12,(anonymous_1)
FN:19,(anonymous_2)
FN:24,(anonymous_3)
FNF:4
FNH:3
FNDA:1,(anonymous_0)
FNDA:1,(anonymous_1)
FNDA:1,(anonymous_2)
FNDA:0,(anonymous_3)
DA:1,1
DA:2,1
DA:4,1
DA:5,1
DA:12,1
DA:13,1
DA:14,1
DA:16,1
DA:19,1
DA:21,1
DA:24,1
DA:26,0
LF:12
LH:11
BRDA:4,0,0,1
BRF:1
BRH:1
end_of_record
